<?xml version="1.0" encoding="UTF-8"?>
<robot generator="Robot 3.1 (Python 3.7.1 on win32)" generated="20181230 20:37:30.543" rpa="false">
<suite id="s1" name="Amazonsearch" source="E:\Docs_reggiem_2017\computer info\automation_dev\python\python_robot_automation\amazon_robot\tests\amazonsearch.robot">
<test id="s1-t1" name="Verify the homepage navigation button">
<kw name="Begin Web Test (common)">
<kw name="Open Browser" library="SeleniumLibrary">
<doc>Opens a new browser instance to the given ``url``.</doc>
<arguments>
<arg>about:blank</arg>
<arg>chrome</arg>
</arguments>
<msg timestamp="20181230 20:37:30.709" level="INFO">Opening browser 'chrome' to base url 'about:blank'.</msg>
<status status="PASS" starttime="20181230 20:37:30.709" endtime="20181230 20:37:33.038"></status>
</kw>
<status status="PASS" starttime="20181230 20:37:30.708" endtime="20181230 20:37:33.038"></status>
</kw>
<kw name="Navigate to URL">
<kw name="Go To" library="SeleniumLibrary">
<doc>Navigates the active browser instance to the provided ``url``.</doc>
<arguments>
<arg>http://www.amazon.com</arg>
<arg>chrome</arg>
</arguments>
<msg timestamp="20181230 20:37:33.039" level="FAIL">Keyword 'SeleniumLibrary.Go To' expected 1 argument, got 2.</msg>
<status status="FAIL" starttime="20181230 20:37:33.039" endtime="20181230 20:37:33.039"></status>
</kw>
<status status="FAIL" starttime="20181230 20:37:33.039" endtime="20181230 20:37:33.039"></status>
</kw>
<doc>The following test cases verifies homepage button is present</doc>
<tags>
<tag>Smoke</tag>
</tags>
<status status="FAIL" starttime="20181230 20:37:30.708" endtime="20181230 20:37:33.039" critical="yes">Keyword 'SeleniumLibrary.Go To' expected 1 argument, got 2.</status>
</test>
<test id="s1-t2" name="Verify the homepage left-hand popup-menu">
<kw name="Wait Until Page Contains Element" library="SeleniumLibrary">
<doc>Waits until element ``locator`` appears on current page.</doc>
<arguments>
<arg>id=nav-hamburger-menu</arg>
</arguments>
<kw name="Capture Page Screenshot" library="SeleniumLibrary">
<doc>Takes screenshot of the current page and embeds it into log file.</doc>
<msg timestamp="20181230 20:37:38.552" level="INFO" html="yes">&lt;/td&gt;&lt;/tr&gt;&lt;tr&gt;&lt;td colspan="3"&gt;&lt;a href="selenium-screenshot-13.png"&gt;&lt;img src="selenium-screenshot-13.png" width="800px"&gt;&lt;/a&gt;</msg>
<status status="PASS" starttime="20181230 20:37:38.156" endtime="20181230 20:37:38.552"></status>
</kw>
<msg timestamp="20181230 20:37:38.553" level="FAIL">Element 'id=nav-hamburger-menu' did not appear in 5 seconds.</msg>
<status status="FAIL" starttime="20181230 20:37:33.042" endtime="20181230 20:37:38.553"></status>
</kw>
<doc>The following test cases verifies homepage left-hand popup-menu</doc>
<tags>
<tag>Smoke</tag>
</tags>
<status status="FAIL" starttime="20181230 20:37:33.041" endtime="20181230 20:37:38.554" critical="yes">Element 'id=nav-hamburger-menu' did not appear in 5 seconds.</status>
</test>
<test id="s1-t3" name="Verify the homepage account list option">
<kw name="Wait Until Page Contains Element" library="SeleniumLibrary">
<doc>Waits until element ``locator`` appears on current page.</doc>
<arguments>
<arg>id=nav-link-accountList</arg>
</arguments>
<kw name="Capture Page Screenshot" library="SeleniumLibrary">
<doc>Takes screenshot of the current page and embeds it into log file.</doc>
<msg timestamp="20181230 20:37:53.103" level="FAIL">WebDriverException: Message: chrome not reachable
  (Session info: chrome=71.0.3578.98)
  (Driver info: chromedriver=2.45.615291 (ec3682e3c9061c10f26ea9e5cdcf3c53f3f74387),platform=Windows NT 10.0.17763 x86_64)
</msg>
<status status="FAIL" starttime="20181230 20:37:47.082" endtime="20181230 20:37:53.104"></status>
</kw>
<msg timestamp="20181230 20:37:53.104" level="WARN">Keyword 'Capture Page Screenshot' could not be run on failure: WebDriverException: Message: chrome not reachable
  (Session info: chrome=71.0.3578.98)
  (Driver info: chromedriver=2.45.615291 (ec3682e3c9061c10f26ea9e5cdcf3c53f3f74387),platform=Windows NT 10.0.17763 x86_64)
</msg>
<msg timestamp="20181230 20:37:53.111" level="FAIL">WebDriverException: Message: chrome not reachable
  (Session info: chrome=71.0.3578.98)
  (Driver info: chromedriver=2.45.615291 (ec3682e3c9061c10f26ea9e5cdcf3c53f3f74387),platform=Windows NT 10.0.17763 x86_64)
</msg>
<status status="FAIL" starttime="20181230 20:37:38.556" endtime="20181230 20:37:53.112"></status>
</kw>
<doc>The following test cases verifies homepage account list option</doc>
<tags>
<tag>Smoke</tag>
</tags>
<status status="FAIL" starttime="20181230 20:37:38.555" endtime="20181230 20:37:53.112" critical="yes">WebDriverException: Message: chrome not reachable
  (Session info: chrome=71.0.3578.98)
  (Driver info: chromedriver=2.45.615291 (ec3682e3c9061c10f26ea9e5cdcf3c53f3f74387),platform=Windows NT 10.0.17763 x86_64)
</status>
</test>
<test id="s1-t4" name="Verify the homepage orders option">
<kw name="Wait Until Page Contains Element" library="SeleniumLibrary">
<doc>Waits until element ``locator`` appears on current page.</doc>
<arguments>
<arg>id=nav-orders</arg>
</arguments>
<kw name="Capture Page Screenshot" library="SeleniumLibrary">
<doc>Takes screenshot of the current page and embeds it into log file.</doc>
<status status="FAIL" starttime="20181230 20:37:59.130" endtime="20181230 20:37:59.130"></status>
</kw>
<msg timestamp="20181230 20:37:59.130" level="WARN">Keyword 'Capture Page Screenshot' could not be run on failure: Execution terminated by signal</msg>
<status status="FAIL" starttime="20181230 20:37:53.118" endtime="20181230 20:37:59.131"></status>
</kw>
<doc>The following test cases verifies homepage orders option</doc>
<tags>
<tag>Smoke</tag>
</tags>
<status status="FAIL" starttime="20181230 20:37:53.117" endtime="20181230 20:37:59.131" critical="yes">Execution terminated by signal</status>
</test>
<test id="s1-t5" name="Verify the user can do a blank search">
<doc>Verify the user can do a blank search</doc>
<tags>
<tag>Regression</tag>
<tag>robot:exit</tag>
</tags>
<status status="FAIL" starttime="20181230 20:37:59.132" endtime="20181230 20:37:59.133" critical="yes">Test execution stopped due to a fatal error.</status>
</test>
<test id="s1-t6" name="Verify the user can do a invalid search">
<doc>Verify the user can do a invalid search</doc>
<tags>
<tag>Regression</tag>
<tag>robot:exit</tag>
</tags>
<status status="FAIL" starttime="20181230 20:37:59.134" endtime="20181230 20:37:59.135" critical="yes">Test execution stopped due to a fatal error.</status>
</test>
<test id="s1-t7" name="Search for Blackmagic camera">
<doc>This is some basic info about the test</doc>
<tags>
<tag>robot:exit</tag>
<tag>Smoke</tag>
</tags>
<status status="FAIL" starttime="20181230 20:37:59.136" endtime="20181230 20:37:59.137" critical="yes">Test execution stopped due to a fatal error.</status>
</test>
<test id="s1-t8" name="User must sign in to check out &quot;Amazon search test&quot;">
<doc>This is some basic info about the test</doc>
<tags>
<tag>robot:exit</tag>
<tag>Smoke</tag>
</tags>
<status status="FAIL" starttime="20181230 20:37:59.138" endtime="20181230 20:37:59.138" critical="yes">Test execution stopped due to a fatal error.</status>
</test>
<test id="s1-t9" name="Add the Ferrari to the cart">
<doc>This is some basic info about the test</doc>
<tags>
<tag>robot:exit</tag>
<tag>Smoke</tag>
</tags>
<status status="FAIL" starttime="20181230 20:37:59.139" endtime="20181230 20:37:59.139" critical="yes">Test execution stopped due to a fatal error.</status>
</test>
<doc>This is some basic info about the whole suite</doc>
<status status="FAIL" starttime="20181230 20:37:30.544" endtime="20181230 20:37:59.140"></status>
</suite>
<statistics>
<total>
<stat pass="0" fail="9">Critical Tests</stat>
<stat pass="0" fail="9">All Tests</stat>
</total>
<tag>
<stat pass="0" fail="4" info="combined" combined="NOT robot:exit">NOT robot:exit</stat>
<stat pass="0" fail="2">Regression</stat>
<stat pass="0" fail="5">robot:exit</stat>
<stat pass="0" fail="7">Smoke</stat>
</tag>
<suite>
<stat pass="0" fail="9" id="s1" name="Amazonsearch">Amazonsearch</stat>
</suite>
</statistics>
<errors>
<msg timestamp="20181230 20:37:30.545" level="ERROR">Error in file 'E:\Docs_reggiem_2017\computer info\automation_dev\python\python_robot_automation\amazon_robot\tests\amazonsearch.robot': Setting variable '${SEARCH_TERM}=Ferrari 458' failed: Invalid variable name '${SEARCH_TERM}=Ferrari 458'.</msg>
<msg timestamp="20181230 20:37:53.104" level="WARN">Keyword 'Capture Page Screenshot' could not be run on failure: WebDriverException: Message: chrome not reachable
  (Session info: chrome=71.0.3578.98)
  (Driver info: chromedriver=2.45.615291 (ec3682e3c9061c10f26ea9e5cdcf3c53f3f74387),platform=Windows NT 10.0.17763 x86_64)
</msg>
<msg timestamp="20181230 20:37:59.130" level="WARN">Keyword 'Capture Page Screenshot' could not be run on failure: Execution terminated by signal</msg>
</errors>
</robot>
